Using pre-set license
Built from '2022.3/staging' branch; Version is '2022.3.35f1 (011206c7a712) revision 70150'; Using compiler version '192829333'; Build Type 'Release'
OS: 'Windows 11  (10.0.26100) 64bit Professional' Language: 'en' Physical Memory: 31894 MB
BatchMode: 1, IsHumanControllingUs: 0, StartBugReporterOnCrash: 0, Is64bit: 1, IsPro: 1

COMMAND LINE ARGUMENTS:
C:\Program Files\Unity\Hub\Editor\2022.3.35f1\Editor\Unity.exe
-adb2
-batchMode
-noUpm
-name
AssetImportWorker2
-projectPath
D:/Unity Lab/CGHC
-logFile
Logs/AssetImportWorker2.log
-srvPort
52527
Successfully changed project path to: D:/Unity Lab/CGHC
D:/Unity Lab/CGHC
[UnityMemory] Configuration Parameters - Can be set up in boot.config
    "memorysetup-bucket-allocator-granularity=16"
    "memorysetup-bucket-allocator-bucket-count=8"
    "memorysetup-bucket-allocator-block-size=33554432"
    "memorysetup-bucket-allocator-block-count=8"
    "memorysetup-main-allocator-block-size=16777216"
    "memorysetup-thread-allocator-block-size=16777216"
    "memorysetup-gfx-main-allocator-block-size=16777216"
    "memorysetup-gfx-thread-allocator-block-size=16777216"
    "memorysetup-cache-allocator-block-size=4194304"
    "memorysetup-typetree-allocator-block-size=2097152"
    "memorysetup-profiler-bucket-allocator-granularity=16"
    "memorysetup-profiler-bucket-allocator-bucket-count=8"
    "memorysetup-profiler-bucket-allocator-block-size=33554432"
    "memorysetup-profiler-bucket-allocator-block-count=8"
    "memorysetup-profiler-allocator-block-size=16777216"
    "memorysetup-profiler-editor-allocator-block-size=1048576"
    "memorysetup-temp-allocator-size-main=16777216"
    "memorysetup-job-temp-allocator-block-size=2097152"
    "memorysetup-job-temp-allocator-block-size-background=1048576"
    "memorysetup-job-temp-allocator-reduction-small-platforms=262144"
    "memorysetup-allocator-temp-initial-block-size-main=262144"
    "memorysetup-allocator-temp-initial-block-size-worker=262144"
    "memorysetup-temp-allocator-size-background-worker=32768"
    "memorysetup-temp-allocator-size-job-worker=262144"
    "memorysetup-temp-allocator-size-preload-manager=33554432"
    "memorysetup-temp-allocator-size-nav-mesh-worker=65536"
    "memorysetup-temp-allocator-size-audio-worker=65536"
    "memorysetup-temp-allocator-size-cloud-worker=32768"
    "memorysetup-temp-allocator-size-gi-baking-worker=262144"
    "memorysetup-temp-allocator-size-gfx=262144"
Player connection [9440] Host "[IP] 192.168.1.6 [Port] 0 [Flags] 2 [Guid] 3363188354 [EditorId] 3363188354 [Version] 1048832 [Id] WindowsEditor(7,Jin) [Debug] 1 [PackageName] WindowsEditor [ProjectName] Editor" joined multi-casting on [225.0.0.222:54997]...

Player connection [9440] Host "[IP] 192.168.1.6 [Port] 0 [Flags] 2 [Guid] 3363188354 [EditorId] 3363188354 [Version] 1048832 [Id] WindowsEditor(7,Jin) [Debug] 1 [PackageName] WindowsEditor [ProjectName] Editor" joined alternative multi-casting on [225.0.0.222:34997]...

[PhysX] Initialized MultithreadedTaskDispatcher with 16 workers.
Refreshing native plugins compatible for Editor in 6.77 ms, found 4 plugins.
Preloading 0 native plugins for Editor in 0.00 ms.
Initialize engine version: 2022.3.35f1 (011206c7a712)
[Subsystems] Discovering subsystems at path C:/Program Files/Unity/Hub/Editor/2022.3.35f1/Editor/Data/Resources/UnitySubsystems
[Subsystems] Discovering subsystems at path D:/Unity Lab/CGHC/Assets
GfxDevice: creating device client; threaded=0; jobified=0
Direct3D:
    Version:  Direct3D 11.0 [level 11.1]
    Renderer: NVIDIA GeForce RTX 4060 Ti (ID=0x2803)
    Vendor:   NVIDIA
    VRAM:     16109 MB
    Driver:   32.0.15.7216
Initialize mono
Mono path[0] = 'C:/Program Files/Unity/Hub/Editor/2022.3.35f1/Editor/Data/Managed'
Mono path[1] = 'C:/Program Files/Unity/Hub/Editor/2022.3.35f1/Editor/Data/MonoBleedingEdge/lib/mono/unityjit-win32'
Mono config path = 'C:/Program Files/Unity/Hub/Editor/2022.3.35f1/Editor/Data/MonoBleedingEdge/etc'
Using monoOptions --debugger-agent=transport=dt_socket,embedding=1,server=y,suspend=n,address=127.0.0.1:56704
Begin MonoManager ReloadAssembly
Registering precompiled unity dll's ...
Register platform support module: C:/Program Files/Unity/Hub/Editor/2022.3.35f1/Editor/Data/PlaybackEngines/WebGLSupport/UnityEditor.WebGL.Extensions.dll
Register platform support module: C:/Program Files/Unity/Hub/Editor/2022.3.35f1/Editor/Data/PlaybackEngines/WindowsStandaloneSupport/UnityEditor.WindowsStandalone.Extensions.dll
Registered in 0.004652 seconds.
- Loaded All Assemblies, in  0.300 seconds
Native extension for WindowsStandalone target not found
Native extension for WebGL target not found
Mono: successfully reloaded assembly
- Finished resetting the current domain, in  0.192 seconds
Domain Reload Profiling: 492ms
	BeginReloadAssembly (93ms)
		ExecutionOrderSort (0ms)
		DisableScriptedObjects (0ms)
		BackupInstance (0ms)
		ReleaseScriptingObjects (0ms)
		CreateAndSetChildDomain (1ms)
	RebuildCommonClasses (25ms)
	RebuildNativeTypeToScriptingClass (9ms)
	initialDomainReloadingComplete (45ms)
	LoadAllAssembliesAndSetupDomain (127ms)
		LoadAssemblies (92ms)
		RebuildTransferFunctionScriptingTraits (0ms)
		AnalyzeDomain (125ms)
			TypeCache.Refresh (124ms)
				TypeCache.ScanAssembly (112ms)
			ScanForSourceGeneratedMonoScriptInfo (0ms)
			ResolveRequiredComponents (0ms)
	FinalizeReload (192ms)
		ReleaseScriptCaches (0ms)
		RebuildScriptCaches (0ms)
		SetupLoadedEditorAssemblies (151ms)
			LogAssemblyErrors (0ms)
			InitializePlatformSupportModulesInManaged (6ms)
			SetLoadedEditorAssemblies (4ms)
			RefreshPlugins (0ms)
			BeforeProcessingInitializeOnLoad (2ms)
			ProcessInitializeOnLoadAttributes (107ms)
			ProcessInitializeOnLoadMethodAttributes (31ms)
			AfterProcessingInitializeOnLoad (0ms)
			EditorAssembliesLoaded (0ms)
		ExecutionOrderSort2 (0ms)
		AwakeInstancesAfterBackupRestoration (0ms)
========================================================================
Worker process is ready to serve import requests
Begin MonoManager ReloadAssembly
- Loaded All Assemblies, in  0.539 seconds
Refreshing native plugins compatible for Editor in 1.93 ms, found 4 plugins.
Native extension for WindowsStandalone target not found
Native extension for WebGL target not found
Mono: successfully reloaded assembly
- Finished resetting the current domain, in  0.538 seconds
Domain Reload Profiling: 1076ms
	BeginReloadAssembly (124ms)
		ExecutionOrderSort (0ms)
		DisableScriptedObjects (3ms)
		BackupInstance (0ms)
		ReleaseScriptingObjects (0ms)
		CreateAndSetChildDomain (23ms)
	RebuildCommonClasses (31ms)
	RebuildNativeTypeToScriptingClass (11ms)
	initialDomainReloadingComplete (35ms)
	LoadAllAssembliesAndSetupDomain (336ms)
		LoadAssemblies (264ms)
		RebuildTransferFunctionScriptingTraits (0ms)
		AnalyzeDomain (149ms)
			TypeCache.Refresh (120ms)
				TypeCache.ScanAssembly (109ms)
			ScanForSourceGeneratedMonoScriptInfo (18ms)
			ResolveRequiredComponents (9ms)
	FinalizeReload (538ms)
		ReleaseScriptCaches (0ms)
		RebuildScriptCaches (0ms)
		SetupLoadedEditorAssemblies (404ms)
			LogAssemblyErrors (0ms)
			InitializePlatformSupportModulesInManaged (5ms)
			SetLoadedEditorAssemblies (4ms)
			RefreshPlugins (0ms)
			BeforeProcessingInitializeOnLoad (58ms)
			ProcessInitializeOnLoadAttributes (276ms)
			ProcessInitializeOnLoadMethodAttributes (58ms)
			AfterProcessingInitializeOnLoad (4ms)
			EditorAssembliesLoaded (0ms)
		ExecutionOrderSort2 (0ms)
		AwakeInstancesAfterBackupRestoration (5ms)
Launched and connected shader compiler UnityShaderCompiler.exe after 0.04 seconds
Refreshing native plugins compatible for Editor in 2.47 ms, found 4 plugins.
Preloading 0 native plugins for Editor in 0.00 ms.
Unloading 5789 Unused Serialized files (Serialized files now loaded: 0)
Unloading 102 unused Assets / (0.9 MB). Loaded Objects now: 6234.
Memory consumption went from 224.1 MB to 223.2 MB.
Total: 22.789500 ms (FindLiveObjects: 0.713500 ms CreateObjectMapping: 0.219100 ms MarkObjects: 21.238000 ms  DeleteObjects: 0.617500 ms)

AssetImportParameters requested are different than current active one (requested -> active):
  custom:container-demuxer-ogg: 62fdf1f143b41e24485cea50d1cbac27 -> 
  custom:video-codec-MediaFoundation-h265: 746d11721c4dcdbdad8f713fa42b33f4 -> 
  custom:video-decoder-ogg-theora: a1e56fd34408186e4bbccfd4996cb3dc -> 
  custom:framework-win-MediaFoundation: 216162199b28c13a410421893ffa2e32 -> 
  custom:CustomObjectIndexerAttribute: 72b91833f83ae208fae7752999fa3104 -> 
  custom:container-demuxer-webm: 4f35f7cbe854078d1ac9338744f61a02 -> 
  custom:container-muxer-webm: aa71ff27fc2769a1b78a27578f13a17b -> 
  custom:video-decoder-webm-vp8: 9c59270c3fd7afecdb556c50c9e8de78 -> 
  custom:SearchIndexIgnoredProperties: e643bd26f0fe6173181afceb89e7c659 -> 
  custom:AudioImporter_EditorPlatform: d09bf68614088b80899f8185d706f6e7 -> 
  custom:video-encoder-webm-vp8: eb34c28f22e8b96e1ab97ce403110664 -> 
  custom:audio-decoder-ogg-vorbis: bf7c407c2cedff20999df2af8eb42d56 -> 
  custom:audio-encoder-webm-vorbis: bf7c407c2cedff20999df2af8eb42d56 -> 
========================================================================
Received Import Request.
  Time since last request: 1574717.966890 seconds.
  path: Assets/Prefab/AI_Enemy.prefab
  artifactKey: Guid(69fd309f1bdf7014f85983ab95df405b) Importer(815301076,1909f56bfc062723c751e8b465ee728b)
Start importing Assets/Prefab/AI_Enemy.prefab using Guid(69fd309f1bdf7014f85983ab95df405b) Importer(815301076,1909f56bfc062723c751e8b465ee728b) [PhysX] Initialized MultithreadedTaskDispatcher with 16 workers.
[PhysX] Initialized MultithreadedTaskDispatcher with 16 workers.
 -> (artifact id: '624f0a6ba506eeafbf462dac6f9cf13e') in 0.277742 seconds
Number of updated asset objects reloaded before import = 0
Number of asset objects unloaded after import = 40
========================================================================
Received Import Request.
  Time since last request: 0.004732 seconds.
  path: Assets/Prefab/Rock.prefab
  artifactKey: Guid(9186732b902b41d41ad56987ee0708e6) Importer(815301076,1909f56bfc062723c751e8b465ee728b)
Start importing Assets/Prefab/Rock.prefab using Guid(9186732b902b41d41ad56987ee0708e6) Importer(815301076,1909f56bfc062723c751e8b465ee728b) [PhysX] Initialized MultithreadedTaskDispatcher with 16 workers.
[PhysX] Initialized MultithreadedTaskDispatcher with 16 workers.
 -> (artifact id: '6bda088274815db3e809553e65c286f6') in 0.016279 seconds
Number of updated asset objects reloaded before import = 0
Number of asset objects unloaded after import = 21
========================================================================
Received Import Request.
  Time since last request: 0.007684 seconds.
  path: Assets/Prefab/FastFloor.prefab
  artifactKey: Guid(8ede7500b51088a46a32d6f4a73344b4) Importer(815301076,1909f56bfc062723c751e8b465ee728b)
Start importing Assets/Prefab/FastFloor.prefab using Guid(8ede7500b51088a46a32d6f4a73344b4) Importer(815301076,1909f56bfc062723c751e8b465ee728b) [PhysX] Initialized MultithreadedTaskDispatcher with 16 workers.
[PhysX] Initialized MultithreadedTaskDispatcher with 16 workers.
 -> (artifact id: 'f4f8f1d0121d7d912bcfcc3f59811268') in 0.016089 seconds
Number of updated asset objects reloaded before import = 0
Number of asset objects unloaded after import = 20
========================================================================
Received Import Request.
  Time since last request: 0.001899 seconds.
  path: Assets/2D Assets/Sprites/WallRules.jpg
  artifactKey: Guid(fa5dbf9deabcf0645a97041c8934280f) Importer(815301076,1909f56bfc062723c751e8b465ee728b)
Start importing Assets/2D Assets/Sprites/WallRules.jpg using Guid(fa5dbf9deabcf0645a97041c8934280f) Importer(815301076,1909f56bfc062723c751e8b465ee728b) [PhysX] Initialized MultithreadedTaskDispatcher with 16 workers.
[PhysX] Initialized MultithreadedTaskDispatcher with 16 workers.
 -> (artifact id: '31a94c431a0770a8451021316fd2726f') in 0.038513 seconds
Number of updated asset objects reloaded before import = 0
Number of asset objects unloaded after import = 3
========================================================================
Received Import Request.
  Time since last request: 0.000018 seconds.
  path: Assets/Prefab/Boost.prefab
  artifactKey: Guid(2c1e6f8fd415d564990623f4744d534f) Importer(815301076,1909f56bfc062723c751e8b465ee728b)
Start importing Assets/Prefab/Boost.prefab using Guid(2c1e6f8fd415d564990623f4744d534f) Importer(815301076,1909f56bfc062723c751e8b465ee728b) [PhysX] Initialized MultithreadedTaskDispatcher with 16 workers.
[PhysX] Initialized MultithreadedTaskDispatcher with 16 workers.
 -> (artifact id: 'b04343287ebc326cdf5168897522129b') in 0.033740 seconds
Number of updated asset objects reloaded before import = 0
Number of asset objects unloaded after import = 23
========================================================================
Received Import Request.
  Time since last request: 0.000524 seconds.
  path: Assets/Prefab/SoundPlayer.prefab
  artifactKey: Guid(1622eea774468a843b70c3473abe079d) Importer(815301076,1909f56bfc062723c751e8b465ee728b)
Start importing Assets/Prefab/SoundPlayer.prefab using Guid(1622eea774468a843b70c3473abe079d) Importer(815301076,1909f56bfc062723c751e8b465ee728b) [PhysX] Initialized MultithreadedTaskDispatcher with 16 workers.
 -> (artifact id: '113276778381ce7ab080cca5122ea5e3') in 0.002942 seconds
Number of updated asset objects reloaded before import = 0
Number of asset objects unloaded after import = 5
========================================================================
Received Import Request.
  Time since last request: 0.000199 seconds.
  path: Assets/2D Assets/Sprites/GunItem.png
  artifactKey: Guid(c7230d88787699e479bf4594ff9f4eef) Importer(815301076,1909f56bfc062723c751e8b465ee728b)
Start importing Assets/2D Assets/Sprites/GunItem.png using Guid(c7230d88787699e479bf4594ff9f4eef) Importer(815301076,1909f56bfc062723c751e8b465ee728b) [PhysX] Initialized MultithreadedTaskDispatcher with 16 workers.
[PhysX] Initialized MultithreadedTaskDispatcher with 16 workers.
 -> (artifact id: 'f0eca1dec8aceefae506067bcac9f88c') in 0.019115 seconds
Number of updated asset objects reloaded before import = 0
Number of asset objects unloaded after import = 3
========================================================================
Received Import Request.
  Time since last request: 0.005929 seconds.
  path: Assets/2D Assets/Sprites/Ghost Idle.png
  artifactKey: Guid(e163eab413a9ac243939963aee18cd0f) Importer(815301076,1909f56bfc062723c751e8b465ee728b)
Start importing Assets/2D Assets/Sprites/Ghost Idle.png using Guid(e163eab413a9ac243939963aee18cd0f) Importer(815301076,1909f56bfc062723c751e8b465ee728b) [PhysX] Initialized MultithreadedTaskDispatcher with 16 workers.
[PhysX] Initialized MultithreadedTaskDispatcher with 16 workers.
 -> (artifact id: '3c446999d1983a74dd6223f27d7d5e20') in 0.040984 seconds
Number of updated asset objects reloaded before import = 0
Number of asset objects unloaded after import = 12
========================================================================
Received Import Request.
  Time since last request: 0.005918 seconds.
  path: Assets/Prefab/Jumper.prefab
  artifactKey: Guid(4187924f4ee145d4f96c81333ce00762) Importer(815301076,1909f56bfc062723c751e8b465ee728b)
Start importing Assets/Prefab/Jumper.prefab using Guid(4187924f4ee145d4f96c81333ce00762) Importer(815301076,1909f56bfc062723c751e8b465ee728b) [PhysX] Initialized MultithreadedTaskDispatcher with 16 workers.
[PhysX] Initialized MultithreadedTaskDispatcher with 16 workers.
 -> (artifact id: 'bb8f418baf8e7c2c9c1abc70a6f3ac03') in 0.033260 seconds
Number of updated asset objects reloaded before import = 0
Number of asset objects unloaded after import = 21
========================================================================
Received Import Request.
  Time since last request: 0.003946 seconds.
  path: Assets/2D Assets/Sprites/Checkpoint.png
  artifactKey: Guid(02244f71d5c3a8b49b2c6a10fcdcab38) Importer(815301076,1909f56bfc062723c751e8b465ee728b)
Start importing Assets/2D Assets/Sprites/Checkpoint.png using Guid(02244f71d5c3a8b49b2c6a10fcdcab38) Importer(815301076,1909f56bfc062723c751e8b465ee728b) [PhysX] Initialized MultithreadedTaskDispatcher with 16 workers.
[PhysX] Initialized MultithreadedTaskDispatcher with 16 workers.
 -> (artifact id: '027f8c617e12b80fdf13176808fd54c1') in 0.033649 seconds
Number of updated asset objects reloaded before import = 0
Number of asset objects unloaded after import = 3
========================================================================
Received Import Request.
  Time since last request: 0.000022 seconds.
  path: Assets/2D Assets/Sprites/Collectables.png
  artifactKey: Guid(ba0cd8543db730148a33b59ccc1ef326) Importer(815301076,1909f56bfc062723c751e8b465ee728b)
Start importing Assets/2D Assets/Sprites/Collectables.png using Guid(ba0cd8543db730148a33b59ccc1ef326) Importer(815301076,1909f56bfc062723c751e8b465ee728b) [PhysX] Initialized MultithreadedTaskDispatcher with 16 workers.
[PhysX] Initialized MultithreadedTaskDispatcher with 16 workers.
 -> (artifact id: '10d02b52b856e5a2a49042ff1ddc20cc') in 0.071862 seconds
Number of updated asset objects reloaded before import = 0
Number of asset objects unloaded after import = 34
========================================================================
Received Import Request.
  Time since last request: 0.000018 seconds.
  path: Assets/Prefab/ExtraFuel.prefab
  artifactKey: Guid(ddb44549b2a6f7a48b972ee52dcca56e) Importer(815301076,1909f56bfc062723c751e8b465ee728b)
Start importing Assets/Prefab/ExtraFuel.prefab using Guid(ddb44549b2a6f7a48b972ee52dcca56e) Importer(815301076,1909f56bfc062723c751e8b465ee728b) [PhysX] Initialized MultithreadedTaskDispatcher with 16 workers.
[PhysX] Initialized MultithreadedTaskDispatcher with 16 workers.
 -> (artifact id: 'ca83566b73accccbb509d3ec42296e4b') in 0.011979 seconds
Number of updated asset objects reloaded before import = 0
Number of asset objects unloaded after import = 23
========================================================================
Received Import Request.
  Time since last request: 0.000022 seconds.
  path: Assets/2D Assets/Sprites/MAPS.png
  artifactKey: Guid(e040588803b10284685ee016b299eae2) Importer(815301076,1909f56bfc062723c751e8b465ee728b)
Start importing Assets/2D Assets/Sprites/MAPS.png using Guid(e040588803b10284685ee016b299eae2) Importer(815301076,1909f56bfc062723c751e8b465ee728b) [PhysX] Initialized MultithreadedTaskDispatcher with 16 workers.
[PhysX] Initialized MultithreadedTaskDispatcher with 16 workers.
 -> (artifact id: 'b6d7405f620c17ca65e567c2a082427c') in 0.125461 seconds
Number of updated asset objects reloaded before import = 0
Number of asset objects unloaded after import = 85
========================================================================
Received Import Request.
  Time since last request: 7.746634 seconds.
  path: Assets/Sprites/2D Pixel Art Platformer Biome - Plains
  artifactKey: Guid(33ce3032ca062b048bc50e9301599791) Importer(815301076,1909f56bfc062723c751e8b465ee728b)
Start importing Assets/Sprites/2D Pixel Art Platformer Biome - Plains using Guid(33ce3032ca062b048bc50e9301599791) Importer(815301076,1909f56bfc062723c751e8b465ee728b) [PhysX] Initialized MultithreadedTaskDispatcher with 16 workers.
 -> (artifact id: '63811fd5210c461a9c804388d94f672c') in 0.000500 seconds
Number of updated asset objects reloaded before import = 0
Number of asset objects unloaded after import = 0
========================================================================
Received Import Request.
  Time since last request: 0.055601 seconds.
  path: Assets/Sprites/2D Pixel Art Platformer Biome - Plains/Atlas.spriteatlas
  artifactKey: Guid(73b7fbd841d808f419f70ebc75375c5c) Importer(815301076,1909f56bfc062723c751e8b465ee728b)
Start importing Assets/Sprites/2D Pixel Art Platformer Biome - Plains/Atlas.spriteatlas using Guid(73b7fbd841d808f419f70ebc75375c5c) Importer(815301076,1909f56bfc062723c751e8b465ee728b) [PhysX] Initialized MultithreadedTaskDispatcher with 16 workers.
 -> (artifact id: '7efe6f57fcb7ce470dd19dcaebdab7d6') in 0.001448 seconds
Number of updated asset objects reloaded before import = 0
Number of asset objects unloaded after import = 1
========================================================================
Received Import Request.
  Time since last request: 59.651372 seconds.
  path: Assets/2D Assets/Audio/Collectable.mp3
  artifactKey: Guid(064b6e85a5f023e4c9365796c2df36f5) Importer(815301076,1909f56bfc062723c751e8b465ee728b)
Start importing Assets/2D Assets/Audio/Collectable.mp3 using Guid(064b6e85a5f023e4c9365796c2df36f5) Importer(815301076,1909f56bfc062723c751e8b465ee728b) [PhysX] Initialized MultithreadedTaskDispatcher with 16 workers.
[PhysX] Initialized MultithreadedTaskDispatcher with 16 workers.
 -> (artifact id: '790b0a8f2c64eed10f725e503b648574') in 0.032640 seconds
Number of updated asset objects reloaded before import = 0
Number of asset objects unloaded after import = 2
========================================================================
Received Import Request.
  Time since last request: 0.000022 seconds.
  path: Assets/2D Assets/Audio/ProjectileCollision.mp3
  artifactKey: Guid(2595b68d882e78641885b8921aee698d) Importer(815301076,1909f56bfc062723c751e8b465ee728b)
Start importing Assets/2D Assets/Audio/ProjectileCollision.mp3 using Guid(2595b68d882e78641885b8921aee698d) Importer(815301076,1909f56bfc062723c751e8b465ee728b) [PhysX] Initialized MultithreadedTaskDispatcher with 16 workers.
[PhysX] Initialized MultithreadedTaskDispatcher with 16 workers.
 -> (artifact id: 'b9707445417e0435237909f240a38039') in 0.015002 seconds
Number of updated asset objects reloaded before import = 0
Number of asset objects unloaded after import = 2
========================================================================
Received Import Request.
  Time since last request: 0.000057 seconds.
  path: Assets/2D Assets/Audio/Jump.mp3
  artifactKey: Guid(3ab5b01e53410b54e86626a920f69d2b) Importer(815301076,1909f56bfc062723c751e8b465ee728b)
Start importing Assets/2D Assets/Audio/Jump.mp3 using Guid(3ab5b01e53410b54e86626a920f69d2b) Importer(815301076,1909f56bfc062723c751e8b465ee728b) [PhysX] Initialized MultithreadedTaskDispatcher with 16 workers.
[PhysX] Initialized MultithreadedTaskDispatcher with 16 workers.
 -> (artifact id: 'c349966824acaedb9916133e66c2b9dc') in 0.009804 seconds
Number of updated asset objects reloaded before import = 0
Number of asset objects unloaded after import = 2
========================================================================
Received Import Request.
  Time since last request: 0.000017 seconds.
  path: Assets/2D Assets/Audio/Music Background.wav
  artifactKey: Guid(cde8d5194c53436468d30e9ac0988e7f) Importer(815301076,1909f56bfc062723c751e8b465ee728b)
Start importing Assets/2D Assets/Audio/Music Background.wav using Guid(cde8d5194c53436468d30e9ac0988e7f) Importer(815301076,1909f56bfc062723c751e8b465ee728b) [PhysX] Initialized MultithreadedTaskDispatcher with 16 workers.
[PhysX] Initialized MultithreadedTaskDispatcher with 16 workers.
 -> (artifact id: '891cfa0ce1f033a75d6f2463679af2f2') in 0.012177 seconds
Number of updated asset objects reloaded before import = 0
Number of asset objects unloaded after import = 2
========================================================================
Received Import Request.
  Time since last request: 1.279746 seconds.
  path: Assets/Prefab/Spike_Up.prefab
  artifactKey: Guid(89957a939e056ed4b865ceae7d079d7c) Importer(815301076,1909f56bfc062723c751e8b465ee728b)
Start importing Assets/Prefab/Spike_Up.prefab using Guid(89957a939e056ed4b865ceae7d079d7c) Importer(815301076,1909f56bfc062723c751e8b465ee728b) [PhysX] Initialized MultithreadedTaskDispatcher with 16 workers.
[PhysX] Initialized MultithreadedTaskDispatcher with 16 workers.
 -> (artifact id: '279b2ba6eb7b39eec0009ff7e505d415') in 0.016578 seconds
Number of updated asset objects reloaded before import = 0
Number of asset objects unloaded after import = 98
========================================================================
Received Import Request.
  Time since last request: 427.626331 seconds.
  path: Assets/Sprites/2D Pixel Art Platformer Biome - Plains/TileSpikes_Right.png
  artifactKey: Guid(1035227b12885de488ad99ab79e73725) Importer(815301076,1909f56bfc062723c751e8b465ee728b)
Start importing Assets/Sprites/2D Pixel Art Platformer Biome - Plains/TileSpikes_Right.png using Guid(1035227b12885de488ad99ab79e73725) Importer(815301076,1909f56bfc062723c751e8b465ee728b) [PhysX] Initialized MultithreadedTaskDispatcher with 16 workers.
[PhysX] Initialized MultithreadedTaskDispatcher with 16 workers.
 -> (artifact id: 'e50a1b86fe5b52410519ff2816f106bc') in 0.016606 seconds
Number of updated asset objects reloaded before import = 0
Number of asset objects unloaded after import = 3
========================================================================
Received Import Request.
  Time since last request: 0.000022 seconds.
  path: Assets/Sprites/2D Pixel Art Platformer Biome - Plains/TileSpikes_Up.png
  artifactKey: Guid(1b40c405c8e42474a8bdd572f044b642) Importer(815301076,1909f56bfc062723c751e8b465ee728b)
Start importing Assets/Sprites/2D Pixel Art Platformer Biome - Plains/TileSpikes_Up.png using Guid(1b40c405c8e42474a8bdd572f044b642) Importer(815301076,1909f56bfc062723c751e8b465ee728b) [PhysX] Initialized MultithreadedTaskDispatcher with 16 workers.
[PhysX] Initialized MultithreadedTaskDispatcher with 16 workers.
 -> (artifact id: '47b6ef727d82335eff92095e8d32e3c7') in 0.014911 seconds
Number of updated asset objects reloaded before import = 0
Number of asset objects unloaded after import = 3
========================================================================
Received Import Request.
  Time since last request: 107.220775 seconds.
  path: Assets/Sprites/2D Pixel Art Platformer Biome - Plains/TileSpikes_Right.png
  artifactKey: Guid(1035227b12885de488ad99ab79e73725) Importer(815301076,1909f56bfc062723c751e8b465ee728b)
Start importing Assets/Sprites/2D Pixel Art Platformer Biome - Plains/TileSpikes_Right.png using Guid(1035227b12885de488ad99ab79e73725) Importer(815301076,1909f56bfc062723c751e8b465ee728b) [PhysX] Initialized MultithreadedTaskDispatcher with 16 workers.
[PhysX] Initialized MultithreadedTaskDispatcher with 16 workers.
 -> (artifact id: 'f73916cd93d9360e3b8ee9febdfb7023') in 0.013713 seconds
Number of updated asset objects reloaded before import = 0
Number of asset objects unloaded after import = 3
========================================================================
Received Import Request.
  Time since last request: 88.460060 seconds.
  path: Assets/Sprites/Cave Platformer Tileset/Individual PNG files/Tileset/watertile.png
  artifactKey: Guid(43c1cea86b9dd2f4b8d539ed3bba4cab) Importer(815301076,1909f56bfc062723c751e8b465ee728b)
Start importing Assets/Sprites/Cave Platformer Tileset/Individual PNG files/Tileset/watertile.png using Guid(43c1cea86b9dd2f4b8d539ed3bba4cab) Importer(815301076,1909f56bfc062723c751e8b465ee728b) [PhysX] Initialized MultithreadedTaskDispatcher with 16 workers.
[PhysX] Initialized MultithreadedTaskDispatcher with 16 workers.
 -> (artifact id: '0c3808692b5e16e07a7a6bd9a87b69fb') in 0.034574 seconds
Number of updated asset objects reloaded before import = 0
Number of asset objects unloaded after import = 3
========================================================================
Received Import Request.
  Time since last request: 380.585105 seconds.
  path: Assets/Sprites/2D Pixel Art Platformer Biome - Plains/Tilemap/TileBackGround2.asset
  artifactKey: Guid(c6941f63165d0f543a360881bdac8552) Importer(815301076,1909f56bfc062723c751e8b465ee728b)
Start importing Assets/Sprites/2D Pixel Art Platformer Biome - Plains/Tilemap/TileBackGround2.asset using Guid(c6941f63165d0f543a360881bdac8552) Importer(815301076,1909f56bfc062723c751e8b465ee728b) [PhysX] Initialized MultithreadedTaskDispatcher with 16 workers.
 -> (artifact id: '01c017f26f9f6d2c1d0121e0133935b5') in 0.017264 seconds
Number of updated asset objects reloaded before import = 0
Number of asset objects unloaded after import = 90
========================================================================
Received Import Request.
  Time since last request: 0.000024 seconds.
  path: Assets/Sprites/2D Pixel Art Platformer Biome - Plains/Tilemap/TileGround6.asset
  artifactKey: Guid(6fde348cee4aeab408c7fae4b2599e0a) Importer(815301076,1909f56bfc062723c751e8b465ee728b)
Start importing Assets/Sprites/2D Pixel Art Platformer Biome - Plains/Tilemap/TileGround6.asset using Guid(6fde348cee4aeab408c7fae4b2599e0a) Importer(815301076,1909f56bfc062723c751e8b465ee728b) [PhysX] Initialized MultithreadedTaskDispatcher with 16 workers.
 -> (artifact id: 'f7697f47d480a47e2de07f1dac68e663') in 0.011817 seconds
Number of updated asset objects reloaded before import = 0
Number of asset objects unloaded after import = 90
========================================================================
Received Import Request.
  Time since last request: 0.000018 seconds.
  path: Assets/Sprites/2D Pixel Art Platformer Biome - Plains/Tilemap/TileGround2.asset
  artifactKey: Guid(2daa08c11685a174ca5f1d460dedf301) Importer(815301076,1909f56bfc062723c751e8b465ee728b)
Start importing Assets/Sprites/2D Pixel Art Platformer Biome - Plains/Tilemap/TileGround2.asset using Guid(2daa08c11685a174ca5f1d460dedf301) Importer(815301076,1909f56bfc062723c751e8b465ee728b) [PhysX] Initialized MultithreadedTaskDispatcher with 16 workers.
 -> (artifact id: '64592af05f499d9d47a4b7224bc3247f') in 0.012266 seconds
Number of updated asset objects reloaded before import = 0
Number of asset objects unloaded after import = 90
========================================================================
Received Import Request.
  Time since last request: 0.000027 seconds.
  path: Assets/Sprites/2D Pixel Art Platformer Biome - Plains/Tilemap/TileGround4.asset
  artifactKey: Guid(5c6fb09ef79aeeb47bfe32d15bc1f52a) Importer(815301076,1909f56bfc062723c751e8b465ee728b)
Start importing Assets/Sprites/2D Pixel Art Platformer Biome - Plains/Tilemap/TileGround4.asset using Guid(5c6fb09ef79aeeb47bfe32d15bc1f52a) Importer(815301076,1909f56bfc062723c751e8b465ee728b) [PhysX] Initialized MultithreadedTaskDispatcher with 16 workers.
 -> (artifact id: '317a4a4eec47a96c7583813b0e1395fc') in 0.011028 seconds
Number of updated asset objects reloaded before import = 0
Number of asset objects unloaded after import = 90
========================================================================
Received Import Request.
  Time since last request: 0.000018 seconds.
  path: Assets/Sprites/2D Pixel Art Platformer Biome - Plains/Tilemap/TileFence1.asset
  artifactKey: Guid(f07677effe364094d85dfe1acdf49e21) Importer(815301076,1909f56bfc062723c751e8b465ee728b)
Start importing Assets/Sprites/2D Pixel Art Platformer Biome - Plains/Tilemap/TileFence1.asset using Guid(f07677effe364094d85dfe1acdf49e21) Importer(815301076,1909f56bfc062723c751e8b465ee728b) [PhysX] Initialized MultithreadedTaskDispatcher with 16 workers.
 -> (artifact id: 'e1c7a8d1aa79d58de5b3d831d4b97e39') in 0.012383 seconds
Number of updated asset objects reloaded before import = 0
Number of asset objects unloaded after import = 90
========================================================================
Received Import Request.
  Time since last request: 0.000016 seconds.
  path: Assets/Sprites/2D Pixel Art Platformer Biome - Plains/Tilemap/TileBackGround8.asset
  artifactKey: Guid(d39b105678e207c4590a7987258ff274) Importer(815301076,1909f56bfc062723c751e8b465ee728b)
Start importing Assets/Sprites/2D Pixel Art Platformer Biome - Plains/Tilemap/TileBackGround8.asset using Guid(d39b105678e207c4590a7987258ff274) Importer(815301076,1909f56bfc062723c751e8b465ee728b) [PhysX] Initialized MultithreadedTaskDispatcher with 16 workers.
 -> (artifact id: '0dc27f13d38a88b5a90beb5857d407a0') in 0.011329 seconds
Number of updated asset objects reloaded before import = 0
Number of asset objects unloaded after import = 90
========================================================================
Received Import Request.
  Time since last request: 0.000018 seconds.
  path: Assets/Sprites/2D Pixel Art Platformer Biome - Plains/Tilemap/TileFence2.asset
  artifactKey: Guid(7f7a96e57a0b80a4197dd5807212ce46) Importer(815301076,1909f56bfc062723c751e8b465ee728b)
Start importing Assets/Sprites/2D Pixel Art Platformer Biome - Plains/Tilemap/TileFence2.asset using Guid(7f7a96e57a0b80a4197dd5807212ce46) Importer(815301076,1909f56bfc062723c751e8b465ee728b) [PhysX] Initialized MultithreadedTaskDispatcher with 16 workers.
 -> (artifact id: '36ae4b9c8c1eae2d9875f85778970ffc') in 0.010714 seconds
Number of updated asset objects reloaded before import = 0
Number of asset objects unloaded after import = 90
========================================================================
Received Import Request.
  Time since last request: 0.000020 seconds.
  path: Assets/Sprites/2D Pixel Art Platformer Biome - Plains/Tilemap/TileBackGround11.asset
  artifactKey: Guid(f9ba789067271af44963c8fcccfbce4d) Importer(815301076,1909f56bfc062723c751e8b465ee728b)
Start importing Assets/Sprites/2D Pixel Art Platformer Biome - Plains/Tilemap/TileBackGround11.asset using Guid(f9ba789067271af44963c8fcccfbce4d) Importer(815301076,1909f56bfc062723c751e8b465ee728b) [PhysX] Initialized MultithreadedTaskDispatcher with 16 workers.
 -> (artifact id: 'd13a4976df57ebaff6719a20409c1381') in 0.012053 seconds
Number of updated asset objects reloaded before import = 0
Number of asset objects unloaded after import = 90
========================================================================
Received Import Request.
  Time since last request: 0.000016 seconds.
  path: Assets/Sprites/2D Pixel Art Platformer Biome - Plains/Tilemap/TileFence4.asset
  artifactKey: Guid(8d0152e8363424749bf4c34f45015ecd) Importer(815301076,1909f56bfc062723c751e8b465ee728b)
Start importing Assets/Sprites/2D Pixel Art Platformer Biome - Plains/Tilemap/TileFence4.asset using Guid(8d0152e8363424749bf4c34f45015ecd) Importer(815301076,1909f56bfc062723c751e8b465ee728b) [PhysX] Initialized MultithreadedTaskDispatcher with 16 workers.
 -> (artifact id: 'd1118ff45811eb27feb81be3a5af37b6') in 0.012091 seconds
Number of updated asset objects reloaded before import = 0
Number of asset objects unloaded after import = 90
========================================================================
Received Import Request.
  Time since last request: 0.000017 seconds.
  path: Assets/Sprites/2D Pixel Art Platformer Biome - Plains/Tilemap/TileFence5.asset
  artifactKey: Guid(930e1631852933741874f673e047798c) Importer(815301076,1909f56bfc062723c751e8b465ee728b)
Start importing Assets/Sprites/2D Pixel Art Platformer Biome - Plains/Tilemap/TileFence5.asset using Guid(930e1631852933741874f673e047798c) Importer(815301076,1909f56bfc062723c751e8b465ee728b) [PhysX] Initialized MultithreadedTaskDispatcher with 16 workers.
 -> (artifact id: 'a978b8fc27c401135c5ace63386124f7') in 0.011088 seconds
Number of updated asset objects reloaded before import = 0
Number of asset objects unloaded after import = 90
========================================================================
Received Import Request.
  Time since last request: 0.000023 seconds.
  path: Assets/Sprites/2D Pixel Art Platformer Biome - Plains/Tilemap/TileBackGround13.asset
  artifactKey: Guid(4d41f0ed146e8854bad65bf4398f9bcd) Importer(815301076,1909f56bfc062723c751e8b465ee728b)
Start importing Assets/Sprites/2D Pixel Art Platformer Biome - Plains/Tilemap/TileBackGround13.asset using Guid(4d41f0ed146e8854bad65bf4398f9bcd) Importer(815301076,1909f56bfc062723c751e8b465ee728b) [PhysX] Initialized MultithreadedTaskDispatcher with 16 workers.
 -> (artifact id: '1563aefdb8e3c232f94099329c917113') in 0.011368 seconds
Number of updated asset objects reloaded before import = 0
Number of asset objects unloaded after import = 90
========================================================================
Received Import Request.
  Time since last request: 0.000021 seconds.
  path: Assets/Sprites/2D Pixel Art Platformer Biome - Plains/Tilemap/TileBackGround12.asset
  artifactKey: Guid(d134ecc3c52829f41a543d6661b388e0) Importer(815301076,1909f56bfc062723c751e8b465ee728b)
Start importing Assets/Sprites/2D Pixel Art Platformer Biome - Plains/Tilemap/TileBackGround12.asset using Guid(d134ecc3c52829f41a543d6661b388e0) Importer(815301076,1909f56bfc062723c751e8b465ee728b) [PhysX] Initialized MultithreadedTaskDispatcher with 16 workers.
 -> (artifact id: '56dc53087bb34a485bfbda4e54b39438') in 0.012922 seconds
Number of updated asset objects reloaded before import = 0
Number of asset objects unloaded after import = 90
========================================================================
Received Import Request.
  Time since last request: 0.000020 seconds.
  path: Assets/Sprites/2D Pixel Art Platformer Biome - Plains/Tilemap/TileGround7.asset
  artifactKey: Guid(4dd98f303e4e92c4b9b76b8575f7eb13) Importer(815301076,1909f56bfc062723c751e8b465ee728b)
Start importing Assets/Sprites/2D Pixel Art Platformer Biome - Plains/Tilemap/TileGround7.asset using Guid(4dd98f303e4e92c4b9b76b8575f7eb13) Importer(815301076,1909f56bfc062723c751e8b465ee728b) [PhysX] Initialized MultithreadedTaskDispatcher with 16 workers.
 -> (artifact id: '5dceae2756c9ec1dfc655fbb0f2cb652') in 0.011307 seconds
Number of updated asset objects reloaded before import = 0
Number of asset objects unloaded after import = 90
========================================================================
Received Import Request.
  Time since last request: 0.448807 seconds.
  path: Assets/Sprites/2D Pixel Art Platformer Biome - Plains/Tilemap/TileGround9.asset
  artifactKey: Guid(8607d7d31b14a6e4e980dddfdea251a2) Importer(815301076,1909f56bfc062723c751e8b465ee728b)
Start importing Assets/Sprites/2D Pixel Art Platformer Biome - Plains/Tilemap/TileGround9.asset using Guid(8607d7d31b14a6e4e980dddfdea251a2) Importer(815301076,1909f56bfc062723c751e8b465ee728b) [PhysX] Initialized MultithreadedTaskDispatcher with 16 workers.
 -> (artifact id: 'db49f9d810503c3210adf9e0f704ce25') in 0.013800 seconds
Number of updated asset objects reloaded before import = 0
Number of asset objects unloaded after import = 90
========================================================================
Received Import Request.
  Time since last request: 0.000017 seconds.
  path: Assets/Sprites/2D Pixel Art Platformer Biome - Plains/Tilemap/TileGround13.asset
  artifactKey: Guid(d17a000266bcc3443bf05504c85599a1) Importer(815301076,1909f56bfc062723c751e8b465ee728b)
Start importing Assets/Sprites/2D Pixel Art Platformer Biome - Plains/Tilemap/TileGround13.asset using Guid(d17a000266bcc3443bf05504c85599a1) Importer(815301076,1909f56bfc062723c751e8b465ee728b) [PhysX] Initialized MultithreadedTaskDispatcher with 16 workers.
 -> (artifact id: '7c50dd7f953a1beed7dc810749b68fac') in 0.010977 seconds
Number of updated asset objects reloaded before import = 0
Number of asset objects unloaded after import = 90
========================================================================
Received Import Request.
  Time since last request: 0.000026 seconds.
  path: Assets/Sprites/2D Pixel Art Platformer Biome - Plains/Tilemap/TileGround20.asset
  artifactKey: Guid(b6f37964f2863bb47ae5c26f46db48cf) Importer(815301076,1909f56bfc062723c751e8b465ee728b)
Start importing Assets/Sprites/2D Pixel Art Platformer Biome - Plains/Tilemap/TileGround20.asset using Guid(b6f37964f2863bb47ae5c26f46db48cf) Importer(815301076,1909f56bfc062723c751e8b465ee728b) [PhysX] Initialized MultithreadedTaskDispatcher with 16 workers.
 -> (artifact id: '2e02b8b92af71ca972b11f35a53170fd') in 0.011562 seconds
Number of updated asset objects reloaded before import = 0
Number of asset objects unloaded after import = 90
========================================================================
Received Import Request.
  Time since last request: 0.000020 seconds.
  path: Assets/Sprites/2D Pixel Art Platformer Biome - Plains/Tilemap/TilePlant5.asset
  artifactKey: Guid(45ed91abaeac6e3409e4c948ea7012e6) Importer(815301076,1909f56bfc062723c751e8b465ee728b)
Start importing Assets/Sprites/2D Pixel Art Platformer Biome - Plains/Tilemap/TilePlant5.asset using Guid(45ed91abaeac6e3409e4c948ea7012e6) Importer(815301076,1909f56bfc062723c751e8b465ee728b) [PhysX] Initialized MultithreadedTaskDispatcher with 16 workers.
 -> (artifact id: 'c939d26809bd62110a9280ed6f235758') in 0.011441 seconds
Number of updated asset objects reloaded before import = 0
Number of asset objects unloaded after import = 90
========================================================================
Received Import Request.
  Time since last request: 0.000019 seconds.
  path: Assets/Sprites/2D Pixel Art Platformer Biome - Plains/Tilemap/TilePlant9.asset
  artifactKey: Guid(40139b21f4647644197a63fa35e8e147) Importer(815301076,1909f56bfc062723c751e8b465ee728b)
Start importing Assets/Sprites/2D Pixel Art Platformer Biome - Plains/Tilemap/TilePlant9.asset using Guid(40139b21f4647644197a63fa35e8e147) Importer(815301076,1909f56bfc062723c751e8b465ee728b) [PhysX] Initialized MultithreadedTaskDispatcher with 16 workers.
 -> (artifact id: 'd6cf02101e7b1846d435f5c02b0b5999') in 0.011728 seconds
Number of updated asset objects reloaded before import = 0
Number of asset objects unloaded after import = 90
========================================================================
Received Import Request.
  Time since last request: 0.000016 seconds.
  path: Assets/Sprites/2D Pixel Art Platformer Biome - Plains/Tilemap/TilePlant8.asset
  artifactKey: Guid(ce542d9cdb0ec834bbd94e5c95d6d1c0) Importer(815301076,1909f56bfc062723c751e8b465ee728b)
Start importing Assets/Sprites/2D Pixel Art Platformer Biome - Plains/Tilemap/TilePlant8.asset using Guid(ce542d9cdb0ec834bbd94e5c95d6d1c0) Importer(815301076,1909f56bfc062723c751e8b465ee728b) [PhysX] Initialized MultithreadedTaskDispatcher with 16 workers.
 -> (artifact id: 'd6b58e5e3898acf09f7325447983d639') in 0.011571 seconds
Number of updated asset objects reloaded before import = 0
Number of asset objects unloaded after import = 90
========================================================================
Received Import Request.
  Time since last request: 0.000022 seconds.
  path: Assets/Sprites/2D Pixel Art Platformer Biome - Plains/Tilemap/TileGround16.asset
  artifactKey: Guid(33fba2e7900a716408acf05e0f1c0b9d) Importer(815301076,1909f56bfc062723c751e8b465ee728b)
Start importing Assets/Sprites/2D Pixel Art Platformer Biome - Plains/Tilemap/TileGround16.asset using Guid(33fba2e7900a716408acf05e0f1c0b9d) Importer(815301076,1909f56bfc062723c751e8b465ee728b) [PhysX] Initialized MultithreadedTaskDispatcher with 16 workers.
 -> (artifact id: '42d1305d5d488b69c1f3425a7f706f31') in 0.012483 seconds
Number of updated asset objects reloaded before import = 0
Number of asset objects unloaded after import = 90
========================================================================
Received Import Request.
  Time since last request: 0.000021 seconds.
  path: Assets/Sprites/2D Pixel Art Platformer Biome - Plains/Tilemap/TilePlant1.asset
  artifactKey: Guid(b09b8ea0dfcd66e41a1908df9b62a2c4) Importer(815301076,1909f56bfc062723c751e8b465ee728b)
Start importing Assets/Sprites/2D Pixel Art Platformer Biome - Plains/Tilemap/TilePlant1.asset using Guid(b09b8ea0dfcd66e41a1908df9b62a2c4) Importer(815301076,1909f56bfc062723c751e8b465ee728b) [PhysX] Initialized MultithreadedTaskDispatcher with 16 workers.
 -> (artifact id: 'bf04fe0a02e115598abda6714a7e65ad') in 0.012376 seconds
Number of updated asset objects reloaded before import = 0
Number of asset objects unloaded after import = 90
========================================================================
Received Import Request.
  Time since last request: 0.000016 seconds.
  path: Assets/Sprites/2D Pixel Art Platformer Biome - Plains/Tilemap/TileGround15.asset
  artifactKey: Guid(1089e1ef69437444f970a2934489ec8c) Importer(815301076,1909f56bfc062723c751e8b465ee728b)
Start importing Assets/Sprites/2D Pixel Art Platformer Biome - Plains/Tilemap/TileGround15.asset using Guid(1089e1ef69437444f970a2934489ec8c) Importer(815301076,1909f56bfc062723c751e8b465ee728b) [PhysX] Initialized MultithreadedTaskDispatcher with 16 workers.
 -> (artifact id: 'c0785610546add810ed474b95c26a2b4') in 0.011795 seconds
Number of updated asset objects reloaded before import = 0
Number of asset objects unloaded after import = 90
========================================================================
Received Import Request.
  Time since last request: 0.000015 seconds.
  path: Assets/Sprites/2D Pixel Art Platformer Biome - Plains/Tilemap/TileGround24.asset
  artifactKey: Guid(8212ce8be5c5c3b46898e902287c288f) Importer(815301076,1909f56bfc062723c751e8b465ee728b)
Start importing Assets/Sprites/2D Pixel Art Platformer Biome - Plains/Tilemap/TileGround24.asset using Guid(8212ce8be5c5c3b46898e902287c288f) Importer(815301076,1909f56bfc062723c751e8b465ee728b) [PhysX] Initialized MultithreadedTaskDispatcher with 16 workers.
 -> (artifact id: 'c4401e9c349c3307acb474792741e96b') in 0.012728 seconds
Number of updated asset objects reloaded before import = 0
Number of asset objects unloaded after import = 90
========================================================================
Received Import Request.
  Time since last request: 0.000018 seconds.
  path: Assets/Sprites/2D Pixel Art Platformer Biome - Plains/Tilemap/TilePlant12.asset
  artifactKey: Guid(3fa1926e4195c6a40bba9871bcc304a0) Importer(815301076,1909f56bfc062723c751e8b465ee728b)
Start importing Assets/Sprites/2D Pixel Art Platformer Biome - Plains/Tilemap/TilePlant12.asset using Guid(3fa1926e4195c6a40bba9871bcc304a0) Importer(815301076,1909f56bfc062723c751e8b465ee728b) [PhysX] Initialized MultithreadedTaskDispatcher with 16 workers.
 -> (artifact id: '54d117ee50235be17ffc1c1044238518') in 0.012401 seconds
Number of updated asset objects reloaded before import = 0
Number of asset objects unloaded after import = 90
========================================================================
Received Import Request.
  Time since last request: 0.000026 seconds.
  path: Assets/Sprites/2D Pixel Art Platformer Biome - Plains/Tilemap/TilePlant2.asset
  artifactKey: Guid(5d78d4d83f5fa8342882bbfab1f36d52) Importer(815301076,1909f56bfc062723c751e8b465ee728b)
Start importing Assets/Sprites/2D Pixel Art Platformer Biome - Plains/Tilemap/TilePlant2.asset using Guid(5d78d4d83f5fa8342882bbfab1f36d52) Importer(815301076,1909f56bfc062723c751e8b465ee728b) [PhysX] Initialized MultithreadedTaskDispatcher with 16 workers.
 -> (artifact id: '927c673f2c2adb6727d6fedd43a1dd0f') in 0.012705 seconds
Number of updated asset objects reloaded before import = 0
Number of asset objects unloaded after import = 90
========================================================================
Received Import Request.
  Time since last request: 0.000021 seconds.
  path: Assets/Sprites/2D Pixel Art Platformer Biome - Plains/Tilemap/TileGround12.asset
  artifactKey: Guid(24ecd063bf39372418d96902ad25ebaa) Importer(815301076,1909f56bfc062723c751e8b465ee728b)
Start importing Assets/Sprites/2D Pixel Art Platformer Biome - Plains/Tilemap/TileGround12.asset using Guid(24ecd063bf39372418d96902ad25ebaa) Importer(815301076,1909f56bfc062723c751e8b465ee728b) [PhysX] Initialized MultithreadedTaskDispatcher with 16 workers.
 -> (artifact id: 'ae0e65b69b7f781eadcf50131ab82821') in 0.011506 seconds
Number of updated asset objects reloaded before import = 0
Number of asset objects unloaded after import = 90
========================================================================
Received Import Request.
  Time since last request: 0.000018 seconds.
  path: Assets/Sprites/2D Pixel Art Platformer Biome - Plains/Tilemap/TileGround17.asset
  artifactKey: Guid(812e0425d85bae645ab0e947dc2077b2) Importer(815301076,1909f56bfc062723c751e8b465ee728b)
Start importing Assets/Sprites/2D Pixel Art Platformer Biome - Plains/Tilemap/TileGround17.asset using Guid(812e0425d85bae645ab0e947dc2077b2) Importer(815301076,1909f56bfc062723c751e8b465ee728b) [PhysX] Initialized MultithreadedTaskDispatcher with 16 workers.
 -> (artifact id: '8f43bcbba64a19b01cab5c8d45b27a06') in 0.010920 seconds
Number of updated asset objects reloaded before import = 0
Number of asset objects unloaded after import = 90
========================================================================
Received Import Request.
  Time since last request: 0.000031 seconds.
  path: Assets/Sprites/2D Pixel Art Platformer Biome - Plains/Tilemap/TilePlant13.asset
  artifactKey: Guid(889782573e6d48f4ab2170f71af3c429) Importer(815301076,1909f56bfc062723c751e8b465ee728b)
Start importing Assets/Sprites/2D Pixel Art Platformer Biome - Plains/Tilemap/TilePlant13.asset using Guid(889782573e6d48f4ab2170f71af3c429) Importer(815301076,1909f56bfc062723c751e8b465ee728b) [PhysX] Initialized MultithreadedTaskDispatcher with 16 workers.
 -> (artifact id: '3296ec7c05391b47a2f0a705348aff6f') in 0.011980 seconds
Number of updated asset objects reloaded before import = 0
Number of asset objects unloaded after import = 90
========================================================================
Received Import Request.
  Time since last request: 0.000018 seconds.
  path: Assets/Sprites/2D Pixel Art Platformer Biome - Plains/Tilemap/TilePlant20.asset
  artifactKey: Guid(c3ff7419c86b6714b944b883631c7816) Importer(815301076,1909f56bfc062723c751e8b465ee728b)
Start importing Assets/Sprites/2D Pixel Art Platformer Biome - Plains/Tilemap/TilePlant20.asset using Guid(c3ff7419c86b6714b944b883631c7816) Importer(815301076,1909f56bfc062723c751e8b465ee728b) [PhysX] Initialized MultithreadedTaskDispatcher with 16 workers.
 -> (artifact id: 'b4e2b78e6d8ac623ed558b07a3d1b230') in 0.011363 seconds
Number of updated asset objects reloaded before import = 0
Number of asset objects unloaded after import = 90
========================================================================
Received Import Request.
  Time since last request: 0.000019 seconds.
  path: Assets/Sprites/2D Pixel Art Platformer Biome - Plains/Tilemap/TilePlant17.asset
  artifactKey: Guid(dead7caa79171fd4da9102a2d3b88ee5) Importer(815301076,1909f56bfc062723c751e8b465ee728b)
Start importing Assets/Sprites/2D Pixel Art Platformer Biome - Plains/Tilemap/TilePlant17.asset using Guid(dead7caa79171fd4da9102a2d3b88ee5) Importer(815301076,1909f56bfc062723c751e8b465ee728b) [PhysX] Initialized MultithreadedTaskDispatcher with 16 workers.
 -> (artifact id: 'adb71f7272dcd2bd8c73badf31eb4eff') in 0.011875 seconds
Number of updated asset objects reloaded before import = 0
Number of asset objects unloaded after import = 90
========================================================================
Received Import Request.
  Time since last request: 0.000018 seconds.
  path: Assets/Sprites/2D Pixel Art Platformer Biome - Plains/Tilemap/TilePlant11.asset
  artifactKey: Guid(594664fa4d94db64e92de23641929d76) Importer(815301076,1909f56bfc062723c751e8b465ee728b)
Start importing Assets/Sprites/2D Pixel Art Platformer Biome - Plains/Tilemap/TilePlant11.asset using Guid(594664fa4d94db64e92de23641929d76) Importer(815301076,1909f56bfc062723c751e8b465ee728b) [PhysX] Initialized MultithreadedTaskDispatcher with 16 workers.
 -> (artifact id: 'ff97a3ac547101a726f2ee389a0a3f05') in 0.012369 seconds
Number of updated asset objects reloaded before import = 0
Number of asset objects unloaded after import = 90
========================================================================
Received Import Request.
  Time since last request: 0.000021 seconds.
  path: Assets/Sprites/2D Pixel Art Platformer Biome - Plains/Tilemap/TileGround22.asset
  artifactKey: Guid(6fdb451d5be3c224e845031c34bccfe7) Importer(815301076,1909f56bfc062723c751e8b465ee728b)
Start importing Assets/Sprites/2D Pixel Art Platformer Biome - Plains/Tilemap/TileGround22.asset using Guid(6fdb451d5be3c224e845031c34bccfe7) Importer(815301076,1909f56bfc062723c751e8b465ee728b) [PhysX] Initialized MultithreadedTaskDispatcher with 16 workers.
 -> (artifact id: '7409300fbee60821ad22cce96907285d') in 0.011046 seconds
Number of updated asset objects reloaded before import = 0
Number of asset objects unloaded after import = 90
========================================================================
Received Import Request.
  Time since last request: 0.000020 seconds.
  path: Assets/Sprites/2D Pixel Art Platformer Biome - Plains/Tilemap/TileSpikes.asset
  artifactKey: Guid(a27742338fb36c74bb90ebd8c2a9075a) Importer(815301076,1909f56bfc062723c751e8b465ee728b)
Start importing Assets/Sprites/2D Pixel Art Platformer Biome - Plains/Tilemap/TileSpikes.asset using Guid(a27742338fb36c74bb90ebd8c2a9075a) Importer(815301076,1909f56bfc062723c751e8b465ee728b) [PhysX] Initialized MultithreadedTaskDispatcher with 16 workers.
 -> (artifact id: 'b3bc5522aa1665981db817d863b73828') in 0.011870 seconds
Number of updated asset objects reloaded before import = 0
Number of asset objects unloaded after import = 90
Editor requested this worker to shutdown with reason: Scaling down because of idle timeout
TcpMessagingSession - receive error: operation aborted. errorcode: 995, details: The I/O operation has been aborted because of either a thread exit or an application request.
AssetImportWorker is now disconnected from the server
Process exiting
Exiting without the bug reporter. Application will terminate with return code 0